2022-11-02 23:15:02,095 - MainThread:140278730884928 - INFO - bran_main:chrome_history_collector_agent - bran env loaded
2022-11-04 20:17:16,203 - MainThread:139726725109568 - INFO - bran_main:chrome_history_collector_agent - bran env loaded
2022-11-04 20:18:38,384 - MainThread:139777416431424 - INFO - bran_main:bran_collector - bran env loaded
2022-11-04 20:43:44,886 - MainThread:140505017284416 - INFO - bran_main:bran_collector - bran env loaded
2022-11-05 18:44:10,988 - MainThread:140074346690368 - INFO - bran_main:bran_collector - bran env loaded
2022-11-05 18:45:18,950 - MainThread:140090509252416 - INFO - bran_main:bran_collector - bran env loaded
2022-11-05 19:06:24,292 - MainThread:140169463088960 - INFO - bran_main:bran_collector - bran env loaded
2022-11-05 19:44:24,264 - MainThread:140407405201216 - INFO - bran_main:bran_collector - bran env loaded
2022-11-05 19:48:05,389 - MainThread:140520896698176 - INFO - bran_main:bran_collector - bran env loaded
2022-11-05 19:48:53,652 - MainThread:140135840954176 - INFO - bran_main:bran_collector - bran env loaded
2022-11-05 19:50:22,250 - MainThread:140082133075776 - INFO - bran_main:bran_collector - bran env loaded
2022-11-05 19:52:06,028 - MainThread:139697479087936 - INFO - bran_main:bran_collector - bran env loaded
2022-11-05 19:53:31,750 - MainThread:140133869213504 - INFO - bran_main:bran_collector - bran env loaded
2022-11-05 20:27:04,430 - MainThread:140232499074880 - INFO - bran_main:bran_collector - bran env loaded
2022-11-06 21:16:21,558 - MainThread:140556339357504 - INFO - bran_main:bran_collector - bran env loaded
2022-11-06 21:40:40,998 - MainThread:139645698475840 - INFO - bran_main:bran_collector - bran env loaded
2022-11-06 21:41:02,220 - MainThread:139857154615104 - INFO - bran_main:bran_collector - bran env loaded
2022-11-06 23:42:12,439 - MainThread:140410314114880 - INFO - bran_main:bran_collector - bran env loaded
2022-11-06 23:42:32,425 - MainThread:140204783609664 - INFO - bran_main:bran_collector - bran env loaded
2022-11-07 21:02:30,426 - MainThread:140366280542016 - INFO - bran_main:bran_collector - bran env loaded
2022-11-07 21:04:03,559 - MainThread:140683337729856 - INFO - bran_main:bran_collector - bran env loaded
2022-11-07 21:56:05,797 - MainThread:139754432444224 - INFO - bran_main:bran_collector - bran env loaded
2022-11-07 22:02:13,374 - MainThread:139891619309376 - INFO - bran_main:bran_collector - bran env loaded
2022-11-07 22:05:24,015 - MainThread:139773229184832 - INFO - bran_main:bran_collector - bran env loaded
2022-11-07 22:06:11,239 - MainThread:139834660706112 - INFO - bran_main:bran_collector - bran env loaded
2022-11-07 22:19:17,553 - MainThread:140693362583360 - INFO - bran_main:bran_collector - bran env loaded
2022-11-07 22:26:27,880 - MainThread:140696443610944 - INFO - bran_main:bran_collector - bran env loaded
2022-11-07 22:33:56,860 - MainThread:140445980841792 - INFO - bran_main:bran_collector - bran env loaded
2022-11-07 22:34:45,128 - MainThread:140342718580544 - INFO - bran_main:bran_collector - bran env loaded
2022-11-07 22:48:14,669 - MainThread:140423815001920 - INFO - bran_main:bran_collector - bran env loaded
2022-11-07 22:49:28,402 - MainThread:140318674540352 - INFO - bran_main:bran_collector - bran env loaded
2022-11-07 23:25:28,360 - MainThread:139968358389568 - INFO - bran_main:bran_collector - bran env loaded
2022-11-07 23:28:17,283 - MainThread:140637398599488 - INFO - bran_main:bran_collector - bran env loaded
2022-11-07 23:29:16,562 - MainThread:140418991658816 - INFO - bran_main:bran_collector - bran env loaded
2022-11-07 23:29:54,796 - MainThread:140717208930112 - INFO - bran_main:bran_collector - bran env loaded
2022-11-08 18:23:52,857 - MainThread:139815294216000 - INFO - bran_main:bran_collector - bran env loaded
2022-11-09 20:47:25,691 - MainThread:140672891172672 - INFO - bran_main:bran_collector - bran env loaded
2022-11-09 21:02:14,859 - MainThread:140021107435328 - INFO - bran_main:bran_collector - bran env loaded
2022-11-09 21:27:54,552 - MainThread:139713945409344 - INFO - bran_main:bran_collector - bran env loaded
2022-11-09 21:33:52,115 - MainThread:139802417145664 - INFO - bran_main:bran_collector - bran env loaded
2022-11-09 21:40:07,369 - MainThread:139830953731904 - INFO - bran_main:mongo_loader - db env loaded
2022-11-09 21:40:07,370 - MainThread:139830953731904 - INFO - bran_main:bran_collector - bran env loaded
2022-11-09 21:43:30,027 - MainThread:140649087186752 - INFO - bran_main:mongo_loader - db env loaded
2022-11-09 21:43:30,027 - MainThread:140649087186752 - INFO - bran_main:bran_collector - bran env loaded
2022-11-09 21:45:33,632 - MainThread:139891186972480 - INFO - bran_main:mongo_loader - db env loaded
2022-11-09 21:45:33,632 - MainThread:139891186972480 - INFO - bran_main:bran_collector - bran env loaded
2022-11-09 21:55:56,083 - MainThread:140291299690304 - INFO - bran_main:mongo_loader - db env loaded
2022-11-09 21:55:56,083 - MainThread:140291299690304 - INFO - bran_main:bran_collector - bran env loaded
2022-11-09 21:57:58,398 - MainThread:139880796456768 - INFO - bran_main:mongo_loader - db env loaded
2022-11-09 21:57:58,399 - MainThread:139880796456768 - INFO - bran_main:bran_collector - bran env loaded
2022-11-09 22:21:41,593 - MainThread:140271983245120 - INFO - bran_main:mongo_loader - db env loaded
2022-11-09 22:21:41,593 - MainThread:140271983245120 - INFO - bran_main:bran_collector - bran env loaded
2022-11-09 22:24:53,000 - MainThread:140392330852160 - INFO - bran_main:mongo_loader - db env loaded
2022-11-09 22:24:53,000 - MainThread:140392330852160 - INFO - bran_main:bran_collector - bran env loaded
2022-11-09 22:27:53,276 - MainThread:139958177912640 - INFO - bran_main:mongo_loader - db env loaded
2022-11-09 22:27:53,276 - MainThread:139958177912640 - INFO - bran_main:bran_collector - bran env loaded
2022-11-09 22:32:04,297 - MainThread:140316070750016 - INFO - bran_main:mongo_loader - db env loaded
2022-11-09 22:32:04,297 - MainThread:140316070750016 - INFO - bran_main:bran_collector - bran env loaded
2022-11-09 22:33:02,110 - MainThread:140061056329536 - INFO - bran_main:mongo_loader - db env loaded
2022-11-09 22:33:02,110 - MainThread:140061056329536 - INFO - bran_main:bran_collector - bran env loaded
2022-11-10 00:16:56,808 - MainThread:140547927385920 - INFO - bran_main:mongo_loader - db env loaded
2022-11-10 00:16:56,808 - MainThread:140547927385920 - INFO - bran_main:bran_collector - bran env loaded
2022-11-10 00:17:52,886 - MainThread:140224353888064 - INFO - bran_main:mongo_loader - db env loaded
2022-11-10 00:17:52,887 - MainThread:140224353888064 - INFO - bran_main:bran_collector - bran env loaded
2022-11-10 00:27:55,860 - MainThread:139948548548416 - INFO - bran_main:mongo_loader - db env loaded
2022-11-10 00:27:55,861 - MainThread:139948548548416 - INFO - bran_main:bran_collector - bran env loaded
2022-11-10 00:31:59,403 - MainThread:139763763976000 - INFO - bran_main:mongo_loader - db env loaded
2022-11-10 00:31:59,403 - MainThread:139763763976000 - INFO - bran_main:bran_collector - bran env loaded
2022-11-10 00:34:30,702 - MainThread:140090924779328 - INFO - bran_main:mongo_loader - db env loaded
2022-11-10 00:34:30,703 - MainThread:140090924779328 - INFO - bran_main:bran_collector - bran env loaded
2022-11-10 00:41:10,300 - MainThread:140116391556928 - INFO - bran_main:mongo_loader - db env loaded
2022-11-10 00:41:10,300 - MainThread:140116391556928 - INFO - bran_main:bran_collector - bran env loaded
2022-11-10 00:42:11,151 - MainThread:140189631366976 - INFO - bran_main:mongo_loader - db env loaded
2022-11-10 00:42:11,151 - MainThread:140189631366976 - INFO - bran_main:bran_collector - bran env loaded
2022-11-10 00:43:19,040 - MainThread:139905347901248 - INFO - bran_main:mongo_loader - db env loaded
2022-11-10 00:43:19,040 - MainThread:139905347901248 - INFO - bran_main:bran_collector - bran env loaded
2022-11-10 00:43:59,615 - MainThread:139849619580736 - INFO - bran_main:mongo_loader - db env loaded
2022-11-10 00:43:59,615 - MainThread:139849619580736 - INFO - bran_main:bran_collector - bran env loaded
2022-11-10 00:47:00,090 - MainThread:140362700019520 - INFO - bran_main:mongo_loader - db env loaded
2022-11-10 00:47:00,091 - MainThread:140362700019520 - INFO - bran_main:bran_collector - bran env loaded
2022-11-10 00:48:37,977 - MainThread:139898229114688 - INFO - bran_main:mongo_loader - db env loaded
2022-11-10 00:48:37,977 - MainThread:139898229114688 - INFO - bran_main:bran_collector - bran env loaded
2022-11-10 00:50:37,467 - MainThread:139645142714176 - INFO - bran_main:mongo_loader - db env loaded
2022-11-10 00:50:37,468 - MainThread:139645142714176 - INFO - bran_main:bran_collector - bran env loaded
2022-11-10 00:55:12,538 - MainThread:139706949875520 - INFO - bran_main:mongo_loader - db env loaded
2022-11-10 00:55:12,538 - MainThread:139706949875520 - INFO - bran_main:bran_collector - bran env loaded
2022-11-10 00:56:39,546 - MainThread:140194652694336 - INFO - bran_main:mongo_loader - db env loaded
2022-11-10 00:56:39,547 - MainThread:140194652694336 - INFO - bran_main:bran_collector - bran env loaded
2022-11-10 11:55:57,068 - MainThread:139746236507968 - INFO - bran_main:mongo_loader - db env loaded
2022-11-10 11:55:57,077 - MainThread:139746236507968 - INFO - bran_main:bran_collector - bran env loaded
2022-11-10 11:56:37,155 - MainThread:140386748262208 - INFO - bran_main:mongo_loader - db env loaded
2022-11-10 11:56:37,155 - MainThread:140386748262208 - INFO - bran_main:bran_collector - bran env loaded
2022-11-10 11:58:24,317 - MainThread:139820598609728 - INFO - bran_main:mongo_loader - db env loaded
2022-11-10 11:58:24,317 - MainThread:139820598609728 - INFO - bran_main:bran_collector - bran env loaded
2022-11-10 11:59:08,673 - MainThread:139850061698880 - INFO - bran_main:mongo_loader - db env loaded
2022-11-10 11:59:08,674 - MainThread:139850061698880 - INFO - bran_main:bran_collector - bran env loaded
2022-11-10 12:00:14,304 - MainThread:139806547269440 - INFO - bran_main:mongo_loader - db env loaded
2022-11-10 12:00:14,305 - MainThread:139806547269440 - INFO - bran_main:bran_collector - bran env loaded
2022-11-10 12:08:20,095 - MainThread:140126600865600 - INFO - bran_main:mongo_loader - db env loaded
2022-11-10 12:08:20,095 - MainThread:140126600865600 - INFO - bran_main:bran_collector - bran env loaded
2022-11-10 12:23:15,782 - MainThread:139788588111680 - INFO - bran_main:mongo_loader - db env loaded
2022-11-10 12:23:15,783 - MainThread:139788588111680 - INFO - bran_main:bran_collector - bran env loaded
2022-11-10 12:23:15,821 - MainThread:139788588111680 - INFO - bran_main:bran_collector - file History2022-11-10_12-23-15 extraction started
2022-11-10 12:23:15,822 - MainThread:139788588111680 - INFO - bran_main:bran_collector - chrome query SELECT urls.id id, urls.url url, urls.title title, urls.visit_count visit_count, 
                        urls.typed_count typed_count, urls.last_visit_time last_visit_time, urls.hidden hidden, 
                        visits.visit_time visit_time, visits.from_visit from_visit, visits.visit_duration visit_duration, 
                        visits.transition transition, visit_source.source source FROM urls JOIN visits ON 
                        urls.id = visits.url LEFT JOIN visit_source ON visits.id = visit_source.id executed
2022-11-10 12:23:15,854 - MainThread:139788588111680 - INFO - bran_main:mongo_loader - load browser data started
2022-11-10 12:23:15,857 - MainThread:139788588111680 - INFO - bran_main:mongo_loader - data loaded to db
2022-11-10 12:40:44,693 - MainThread:140405904348992 - INFO - bran_main:mongo_loader - db env loaded
2022-11-10 12:40:44,693 - MainThread:140405904348992 - INFO - bran_main:bran_collector - bran env loaded
2022-11-10 12:40:44,725 - MainThread:140405904348992 - INFO - bran_main:bran_collector - file History2022-11-10_12-40-44 extraction started
2022-11-10 12:40:44,726 - MainThread:140405904348992 - INFO - bran_main:bran_collector - chrome query SELECT urls.id id, urls.url url, urls.title title, urls.visit_count visit_count, 
                        urls.typed_count typed_count, urls.last_visit_time last_visit_time, urls.hidden hidden, 
                        visits.visit_time visit_time, visits.from_visit from_visit, visits.visit_duration visit_duration, 
                        visits.transition transition, visit_source.source source FROM urls JOIN visits ON 
                        urls.id = visits.url LEFT JOIN visit_source ON visits.id = visit_source.id executed
2022-11-10 12:40:44,750 - MainThread:140405904348992 - INFO - bran_main:mongo_loader - load browser data started
2022-11-10 12:40:44,753 - MainThread:140405904348992 - INFO - bran_main:mongo_loader - data loaded to db
2022-11-10 12:42:52,837 - MainThread:139954526914368 - INFO - bran_main:mongo_loader - db env loaded
2022-11-10 12:42:52,838 - MainThread:139954526914368 - INFO - bran_main:bran_collector - bran env loaded
2022-11-10 12:42:52,865 - MainThread:139954526914368 - INFO - bran_main:bran_collector - file History2022-11-10_12-42-52 extraction started
2022-11-10 12:42:52,866 - MainThread:139954526914368 - INFO - bran_main:bran_collector - chrome query SELECT urls.id id, urls.url url, urls.title title, urls.visit_count visit_count, 
                        urls.typed_count typed_count, urls.last_visit_time last_visit_time, urls.hidden hidden, 
                        visits.visit_time visit_time, visits.from_visit from_visit, visits.visit_duration visit_duration, 
                        visits.transition transition, visit_source.source source FROM urls JOIN visits ON 
                        urls.id = visits.url LEFT JOIN visit_source ON visits.id = visit_source.id executed
2022-11-10 12:42:52,890 - MainThread:139954526914368 - INFO - bran_main:mongo_loader - load browser data started
2022-11-10 12:42:52,892 - MainThread:139954526914368 - INFO - bran_main:mongo_loader - data loaded to db
2022-11-10 12:56:30,721 - MainThread:139729162061632 - INFO - bran_main:mongo_loader - db env loaded
2022-11-10 12:56:30,721 - MainThread:139729162061632 - INFO - bran_main:bran_collector - bran env loaded
2022-11-10 12:56:30,750 - MainThread:139729162061632 - INFO - bran_main:bran_collector - file History2022-11-10_12-56-30 extraction started
2022-11-10 12:56:30,751 - MainThread:139729162061632 - INFO - bran_main:bran_collector - chrome query SELECT urls.id id, urls.url url, urls.title title, urls.visit_count visit_count, 
                        urls.typed_count typed_count, urls.last_visit_time last_visit_time, urls.hidden hidden, 
                        visits.visit_time visit_time, visits.from_visit from_visit, visits.visit_duration visit_duration, 
                        visits.transition transition, visit_source.source source FROM urls JOIN visits ON 
                        urls.id = visits.url LEFT JOIN visit_source ON visits.id = visit_source.id executed
2022-11-10 12:56:30,766 - MainThread:139729162061632 - INFO - bran_main:mongo_loader - load browser data started
2022-11-10 12:56:30,768 - MainThread:139729162061632 - INFO - bran_main:mongo_loader - data loaded to db
2022-11-10 12:57:22,153 - MainThread:139759780591424 - INFO - bran_main:mongo_loader - db env loaded
2022-11-10 12:57:22,154 - MainThread:139759780591424 - INFO - bran_main:bran_collector - bran env loaded
2022-11-10 12:57:22,187 - MainThread:139759780591424 - INFO - bran_main:bran_collector - file History2022-11-10_12-57-22 extraction started
2022-11-10 12:57:22,188 - MainThread:139759780591424 - INFO - bran_main:bran_collector - chrome query SELECT urls.id id, urls.url url, urls.title title, urls.visit_count visit_count, 
                        urls.typed_count typed_count, urls.last_visit_time last_visit_time, urls.hidden hidden, 
                        visits.visit_time visit_time, visits.from_visit from_visit, visits.visit_duration visit_duration, 
                        visits.transition transition, visit_source.source source FROM urls JOIN visits ON 
                        urls.id = visits.url LEFT JOIN visit_source ON visits.id = visit_source.id executed
2022-11-10 12:57:22,202 - MainThread:139759780591424 - INFO - bran_main:mongo_loader - load browser data started
2022-11-10 13:12:55,417 - MainThread:139709100074816 - INFO - bran_main:mongo_loader - db env loaded
2022-11-10 13:12:55,417 - MainThread:139709100074816 - INFO - bran_main:bran_collector - bran env loaded
2022-11-10 13:12:55,448 - MainThread:139709100074816 - INFO - bran_main:bran_collector - file History2022-11-10_13-12-55 extraction started
2022-11-10 13:12:55,449 - MainThread:139709100074816 - INFO - bran_main:bran_collector - chrome query SELECT urls.id id, urls.url url, urls.title title, urls.visit_count visit_count, 
                        urls.typed_count typed_count, urls.last_visit_time last_visit_time, urls.hidden hidden, 
                        visits.visit_time visit_time, visits.from_visit from_visit, visits.visit_duration visit_duration, 
                        visits.transition transition, visit_source.source source FROM urls JOIN visits ON 
                        urls.id = visits.url LEFT JOIN visit_source ON visits.id = visit_source.id executed
2022-11-10 13:12:55,460 - MainThread:139709100074816 - INFO - bran_main:mongo_loader - load browser data started
2022-11-10 13:22:23,575 - MainThread:140436196177728 - INFO - bran_main:mongo_loader - db env loaded
2022-11-10 13:22:23,575 - MainThread:140436196177728 - INFO - bran_main:bran_collector - bran env loaded
2022-11-10 13:22:23,586 - MainThread:140436196177728 - INFO - bran_main:bran_collector - file History2022-11-10_13-22-23 extraction started
2022-11-10 13:22:23,586 - MainThread:140436196177728 - INFO - bran_main:bran_collector - chrome query SELECT urls.id id, urls.url url, urls.title title, urls.visit_count visit_count, 
                        urls.typed_count typed_count, urls.last_visit_time last_visit_time, urls.hidden hidden, 
                        visits.visit_time visit_time, visits.from_visit from_visit, visits.visit_duration visit_duration, 
                        visits.transition transition, visit_source.source source FROM urls JOIN visits ON 
                        urls.id = visits.url LEFT JOIN visit_source ON visits.id = visit_source.id executed
2022-11-10 13:22:23,600 - MainThread:140436196177728 - INFO - bran_main:mongo_loader - load browser data started
2022-11-10 13:22:23,602 - MainThread:140436196177728 - INFO - bran_main:mongo_loader - data loaded to db
2022-11-10 13:29:32,340 - MainThread:140218112915264 - INFO - bran_main:mongo_loader - db env loaded
2022-11-10 13:29:32,340 - MainThread:140218112915264 - INFO - bran_main:bran_collector - bran env loaded
2022-11-10 13:29:32,351 - MainThread:140218112915264 - INFO - bran_main:bran_collector - file History2022-11-10_13-29-32 extraction started
2022-11-10 13:29:32,352 - MainThread:140218112915264 - INFO - bran_main:bran_collector - chrome query SELECT urls.id id, urls.url url, urls.title title, urls.visit_count visit_count, 
                        urls.typed_count typed_count, urls.last_visit_time last_visit_time, urls.hidden hidden, 
                        visits.visit_time visit_time, visits.from_visit from_visit, visits.visit_duration visit_duration, 
                        visits.transition transition, visit_source.source source FROM urls JOIN visits ON 
                        urls.id = visits.url LEFT JOIN visit_source ON visits.id = visit_source.id executed
2022-11-10 13:29:32,366 - MainThread:140218112915264 - INFO - bran_main:mongo_loader - load browser data started
2022-11-10 13:29:34,933 - MainThread:140218112915264 - INFO - bran_main:mongo_loader - data loaded to db
2022-11-10 13:32:21,868 - MainThread:139967595833152 - INFO - bran_main:mongo_loader - db env loaded
2022-11-10 13:32:21,868 - MainThread:139967595833152 - INFO - bran_main:bran_collector - bran env loaded
2022-11-10 13:32:21,893 - MainThread:139967595833152 - INFO - bran_main:bran_collector - file History2022-11-10_13-32-21 extraction started
2022-11-10 13:32:21,894 - MainThread:139967595833152 - INFO - bran_main:bran_collector - chrome query SELECT urls.id id, urls.url url, urls.title title, urls.visit_count visit_count, 
                        urls.typed_count typed_count, urls.last_visit_time last_visit_time, urls.hidden hidden, 
                        visits.visit_time visit_time, visits.from_visit from_visit, visits.visit_duration visit_duration, 
                        visits.transition transition, visit_source.source source FROM urls JOIN visits ON 
                        urls.id = visits.url LEFT JOIN visit_source ON visits.id = visit_source.id executed
2022-11-10 13:32:21,905 - MainThread:139967595833152 - INFO - bran_main:mongo_loader - load browser data started
2022-11-10 13:32:24,039 - MainThread:139967595833152 - INFO - bran_main:mongo_loader - data loaded to db
2022-11-10 14:41:18,215 - MainThread:139976876558144 - INFO - bran_main:mongo_loader - db env loaded
2022-11-10 14:41:18,216 - MainThread:139976876558144 - INFO - bran_main:bran_collector - bran env loaded
2022-11-10 14:41:18,818 - MainThread:139976876558144 - INFO - bran_main:bran_collector - file History2022-11-10_14-41-18 extraction started
2022-11-10 14:41:18,819 - MainThread:139976876558144 - INFO - bran_main:bran_collector - chrome query SELECT urls.id id, urls.url url, urls.title title, urls.visit_count visit_count, 
                        urls.typed_count typed_count, urls.last_visit_time last_visit_time, urls.hidden hidden, 
                        visits.visit_time visit_time, visits.from_visit from_visit, visits.visit_duration visit_duration, 
                        visits.transition transition, visit_source.source source FROM urls JOIN visits ON 
                        urls.id = visits.url LEFT JOIN visit_source ON visits.id = visit_source.id executed
2022-11-10 14:41:18,829 - MainThread:139976876558144 - INFO - bran_main:mongo_loader - load browser data started
2022-11-10 14:41:22,829 - MainThread:139976876558144 - INFO - bran_main:mongo_loader - data loaded to db
2022-11-10 15:22:08,713 - MainThread:140264984799040 - INFO - bran_main:mongo_loader - db env loaded
2022-11-10 15:22:08,714 - MainThread:140264984799040 - INFO - bran_main:bran_collector - bran env loaded
2022-11-10 15:22:08,724 - MainThread:140264984799040 - INFO - bran_main:bran_collector - file History2022-11-10_15-22-08 extraction started
2022-11-10 15:22:08,725 - MainThread:140264984799040 - INFO - bran_main:bran_collector - chrome query SELECT urls.id id, urls.url url, urls.title title, urls.visit_count visit_count, 
                        urls.typed_count typed_count, urls.last_visit_time last_visit_time, urls.hidden hidden, 
                        visits.visit_time visit_time, visits.from_visit from_visit, visits.visit_duration visit_duration, 
                        visits.transition transition, visit_source.source source FROM urls JOIN visits ON 
                        urls.id = visits.url LEFT JOIN visit_source ON visits.id = visit_source.id executed
2022-11-10 15:22:08,737 - MainThread:140264984799040 - INFO - bran_main:mongo_loader - load browser data started
2022-11-10 15:22:12,418 - MainThread:140264984799040 - INFO - bran_main:mongo_loader - data loaded to db
2022-11-10 22:42:36,887 - MainThread:139630062012224 - INFO - bran_main:mongo_loader - db env loaded
2022-11-10 22:42:36,888 - MainThread:139630062012224 - INFO - bran_main:bran_collector - bran env loaded
2022-11-10 22:42:36,899 - MainThread:139630062012224 - INFO - bran_main:bran_collector - file History2022-11-10_22-42-36 extraction started
2022-11-10 22:42:36,899 - MainThread:139630062012224 - INFO - bran_main:bran_collector - chrome query SELECT urls.id id, urls.url url, urls.title title, urls.visit_count visit_count, 
                        urls.typed_count typed_count, urls.last_visit_time last_visit_time, urls.hidden hidden, 
                        visits.visit_time visit_time, visits.from_visit from_visit, visits.visit_duration visit_duration, 
                        visits.transition transition, visit_source.source source FROM urls JOIN visits ON 
                        urls.id = visits.url LEFT JOIN visit_source ON visits.id = visit_source.id executed
2022-11-10 22:42:36,915 - MainThread:139630062012224 - INFO - bran_main:mongo_loader - load browser data started
2022-11-10 22:42:39,583 - MainThread:139630062012224 - INFO - bran_main:mongo_loader - data loaded to db
2022-11-10 22:44:49,855 - MainThread:139859014965056 - INFO - bran_main:mongo_loader - db env loaded
2022-11-10 22:44:49,855 - MainThread:139859014965056 - INFO - bran_main:bran_collector - bran env loaded
2022-11-10 22:44:49,866 - MainThread:139859014965056 - INFO - bran_main:bran_collector - file History2022-11-10_22-44-49 extraction started
2022-11-10 22:44:49,867 - MainThread:139859014965056 - INFO - bran_main:bran_collector - chrome query SELECT urls.id id, urls.url url, urls.title title, urls.visit_count visit_count, 
                        urls.typed_count typed_count, urls.last_visit_time last_visit_time, urls.hidden hidden, 
                        visits.visit_time visit_time, visits.from_visit from_visit, visits.visit_duration visit_duration, 
                        visits.transition transition, visit_source.source source FROM urls JOIN visits ON 
                        urls.id = visits.url LEFT JOIN visit_source ON visits.id = visit_source.id executed
2022-11-10 22:44:49,881 - MainThread:139859014965056 - INFO - bran_main:mongo_loader - load browser data started
2022-11-10 22:44:52,683 - MainThread:139859014965056 - INFO - bran_main:mongo_loader - data loaded to db
2022-11-10 22:47:50,616 - MainThread:140688187688768 - INFO - bran_main:mongo_loader - db env loaded
2022-11-10 22:47:50,616 - MainThread:140688187688768 - INFO - bran_main:bran_collector - bran env loaded
2022-11-10 22:47:50,643 - MainThread:140688187688768 - INFO - bran_main:bran_collector - file History2022-11-10_22-47-50 extraction started
2022-11-10 22:47:50,644 - MainThread:140688187688768 - INFO - bran_main:bran_collector - chrome query SELECT urls.id id, urls.url url, urls.title title, urls.visit_count visit_count, 
                        urls.typed_count typed_count, urls.last_visit_time last_visit_time, urls.hidden hidden, 
                        visits.visit_time visit_time, visits.from_visit from_visit, visits.visit_duration visit_duration, 
                        visits.transition transition, visit_source.source source FROM urls JOIN visits ON 
                        urls.id = visits.url LEFT JOIN visit_source ON visits.id = visit_source.id executed
2022-11-10 22:47:50,658 - MainThread:140688187688768 - INFO - bran_main:mongo_loader - load browser data started
2022-11-10 22:47:53,983 - MainThread:140688187688768 - INFO - bran_main:mongo_loader - data loaded to db
2022-11-10 22:55:06,953 - MainThread:139671644014400 - INFO - bran_main:mongo_loader - db env loaded
2022-11-10 22:55:06,953 - MainThread:139671644014400 - INFO - bran_main:bran_collector - bran env loaded
2022-11-10 22:55:06,956 - MainThread:139671644014400 - INFO - bran_main:bran_collector - file History2022-11-10_22-55-06 extraction started
2022-11-10 22:55:06,957 - MainThread:139671644014400 - INFO - bran_main:bran_collector - chrome query SELECT urls.id id, urls.url url, urls.title title, urls.visit_count visit_count, 
                        urls.typed_count typed_count, urls.last_visit_time last_visit_time, urls.hidden hidden, 
                        visits.visit_time visit_time, visits.from_visit from_visit, visits.visit_duration visit_duration, 
                        visits.transition transition, visit_source.source source FROM urls JOIN visits ON 
                        urls.id = visits.url LEFT JOIN visit_source ON visits.id = visit_source.id executed
2022-11-10 22:55:07,170 - MainThread:139671644014400 - INFO - bran_main:mongo_loader - load browser data started
2022-11-10 22:55:13,503 - MainThread:139671644014400 - INFO - bran_main:mongo_loader - data loaded to db
2022-11-10 23:00:53,109 - MainThread:140343872034624 - INFO - bran_main:mongo_loader - db env loaded
2022-11-10 23:00:53,110 - MainThread:140343872034624 - INFO - bran_main:bran_collector - bran env loaded
2022-11-10 23:00:53,113 - MainThread:140343872034624 - INFO - bran_main:bran_collector - file History2022-11-10_23-00-53 extraction started
2022-11-10 23:00:53,113 - MainThread:140343872034624 - INFO - bran_main:bran_collector - chrome query SELECT urls.id id, urls.url url, urls.title title, urls.visit_count visit_count, 
                        urls.typed_count typed_count, urls.last_visit_time last_visit_time, urls.hidden hidden, 
                        visits.visit_time visit_time, visits.from_visit from_visit, visits.visit_duration visit_duration, 
                        visits.transition transition, visit_source.source source FROM urls JOIN visits ON 
                        urls.id = visits.url LEFT JOIN visit_source ON visits.id = visit_source.id executed
2022-11-10 23:00:53,341 - MainThread:140343872034624 - INFO - bran_main:mongo_loader - load browser data started
2022-11-10 23:01:02,899 - MainThread:140343872034624 - INFO - bran_main:mongo_loader - data loaded to db
2022-11-10 23:05:26,242 - MainThread:140228128859968 - INFO - bran_main:mongo_loader - db env loaded
2022-11-10 23:05:26,243 - MainThread:140228128859968 - INFO - bran_main:bran_collector - bran env loaded
2022-11-10 23:05:26,246 - MainThread:140228128859968 - INFO - bran_main:bran_collector - file History2022-11-10_23-05-26 extraction started
2022-11-10 23:05:26,246 - MainThread:140228128859968 - INFO - bran_main:bran_collector - chrome query SELECT urls.id id, urls.url url, urls.title title, urls.visit_count visit_count, 
                        urls.typed_count typed_count, urls.last_visit_time last_visit_time, urls.hidden hidden, 
                        visits.visit_time visit_time, visits.from_visit from_visit, visits.visit_duration visit_duration, 
                        visits.transition transition, visit_source.source source FROM urls JOIN visits ON 
                        urls.id = visits.url LEFT JOIN visit_source ON visits.id = visit_source.id executed
2022-11-10 23:05:26,457 - MainThread:140228128859968 - INFO - bran_main:mongo_loader - load browser data started
2022-11-10 23:05:38,060 - MainThread:140228128859968 - INFO - bran_main:mongo_loader - data loaded to db
2022-11-10 23:14:43,459 - MainThread:140274871060288 - INFO - bran_main:mongo_loader - db env loaded
2022-11-10 23:14:43,459 - MainThread:140274871060288 - INFO - bran_main:bran_collector - bran env loaded
2022-11-10 23:14:43,462 - MainThread:140274871060288 - INFO - bran_main:bran_collector - file History2022-11-10_23-14-43 extraction started
2022-11-10 23:14:43,462 - MainThread:140274871060288 - INFO - bran_main:bran_collector - chrome query SELECT urls.id id, urls.url url, urls.title title, urls.visit_count visit_count, 
                        urls.typed_count typed_count, urls.last_visit_time last_visit_time, urls.hidden hidden, 
                        visits.visit_time visit_time, visits.from_visit from_visit, visits.visit_duration visit_duration, 
                        visits.transition transition, visit_source.source source FROM urls JOIN visits ON 
                        urls.id = visits.url LEFT JOIN visit_source ON visits.id = visit_source.id executed
2022-11-10 23:14:43,674 - MainThread:140274871060288 - INFO - bran_main:mongo_loader - load browser data started
2022-11-10 23:14:50,729 - MainThread:140274871060288 - INFO - bran_main:mongo_loader - data loaded to db
2022-11-10 23:16:08,089 - MainThread:140520819406656 - INFO - bran_main:mongo_loader - db env loaded
2022-11-10 23:16:08,089 - MainThread:140520819406656 - INFO - bran_main:bran_collector - bran env loaded
2022-11-10 23:16:08,092 - MainThread:140520819406656 - INFO - bran_main:bran_collector - file History2022-11-10_23-16-08 extraction started
2022-11-10 23:16:08,093 - MainThread:140520819406656 - INFO - bran_main:bran_collector - chrome query SELECT urls.id id, urls.url url, urls.title title, urls.visit_count visit_count, 
                        urls.typed_count typed_count, urls.last_visit_time last_visit_time, urls.hidden hidden, 
                        visits.visit_time visit_time, visits.from_visit from_visit, visits.visit_duration visit_duration, 
                        visits.transition transition, visit_source.source source FROM urls JOIN visits ON 
                        urls.id = visits.url LEFT JOIN visit_source ON visits.id = visit_source.id executed
2022-11-10 23:16:08,296 - MainThread:140520819406656 - INFO - bran_main:mongo_loader - load browser data started
2022-11-10 23:16:14,616 - MainThread:140520819406656 - INFO - bran_main:mongo_loader - data loaded to db
2022-11-10 23:19:11,447 - MainThread:140416235669312 - INFO - bran_main:mongo_loader - db env loaded
2022-11-10 23:19:11,447 - MainThread:140416235669312 - INFO - bran_main:bran_collector - bran env loaded
2022-11-10 23:19:11,469 - MainThread:140416235669312 - INFO - bran_main:bran_collector - file History2022-11-10_23-19-11 extraction started
2022-11-10 23:19:11,469 - MainThread:140416235669312 - INFO - bran_main:bran_collector - chrome query SELECT urls.id id, urls.url url, urls.title title, urls.visit_count visit_count, 
                        urls.typed_count typed_count, urls.last_visit_time last_visit_time, urls.hidden hidden, 
                        visits.visit_time visit_time, visits.from_visit from_visit, visits.visit_duration visit_duration, 
                        visits.transition transition, visit_source.source source FROM urls JOIN visits ON 
                        urls.id = visits.url LEFT JOIN visit_source ON visits.id = visit_source.id executed
2022-11-10 23:19:11,485 - MainThread:140416235669312 - INFO - bran_main:mongo_loader - load browser data started
2022-11-10 23:19:13,994 - MainThread:140416235669312 - INFO - bran_main:mongo_loader - data loaded to db
2022-11-10 23:24:59,264 - MainThread:140572747011904 - INFO - bran_main:mongo_loader - db env loaded
2022-11-10 23:24:59,265 - MainThread:140572747011904 - INFO - bran_main:bran_collector - bran env loaded
2022-11-10 23:24:59,267 - MainThread:140572747011904 - INFO - bran_main:bran_collector - file History2022-11-10_23-24-59 extraction started
2022-11-10 23:24:59,268 - MainThread:140572747011904 - INFO - bran_main:bran_collector - chrome query SELECT urls.id id, urls.url url, urls.title title, urls.visit_count visit_count, 
                        urls.typed_count typed_count, urls.last_visit_time last_visit_time, urls.hidden hidden, 
                        visits.visit_time visit_time, visits.from_visit from_visit, visits.visit_duration visit_duration, 
                        visits.transition transition, visit_source.source source FROM urls JOIN visits ON 
                        urls.id = visits.url LEFT JOIN visit_source ON visits.id = visit_source.id executed
2022-11-10 23:24:59,475 - MainThread:140572747011904 - INFO - bran_main:mongo_loader - load browser data started
2022-11-10 23:25:08,286 - MainThread:140572747011904 - INFO - bran_main:mongo_loader - data loaded to db
2022-11-10 23:26:14,710 - MainThread:139914528393024 - INFO - bran_main:mongo_loader - db env loaded
2022-11-10 23:26:14,710 - MainThread:139914528393024 - INFO - bran_main:bran_collector - bran env loaded
2022-11-10 23:26:14,721 - MainThread:139914528393024 - INFO - bran_main:bran_collector - file History2022-11-10_23-26-14 extraction started
2022-11-10 23:26:14,722 - MainThread:139914528393024 - INFO - bran_main:bran_collector - chrome query SELECT urls.id id, urls.url url, urls.title title, urls.visit_count visit_count, 
                        urls.typed_count typed_count, urls.last_visit_time last_visit_time, urls.hidden hidden, 
                        visits.visit_time visit_time, visits.from_visit from_visit, visits.visit_duration visit_duration, 
                        visits.transition transition, visit_source.source source FROM urls JOIN visits ON 
                        urls.id = visits.url LEFT JOIN visit_source ON visits.id = visit_source.id executed
2022-11-10 23:26:14,737 - MainThread:139914528393024 - INFO - bran_main:mongo_loader - load browser data started
2022-11-10 23:26:17,294 - MainThread:139914528393024 - INFO - bran_main:mongo_loader - data loaded to db
2022-11-10 23:39:41,214 - MainThread:140470896834368 - INFO - bran_main:mongo_loader - db env loaded
2022-11-10 23:39:41,214 - MainThread:140470896834368 - INFO - bran_main:bran_collector - bran env loaded
2022-11-10 23:39:41,217 - MainThread:140470896834368 - INFO - bran_main:bran_collector - file History2022-11-10_23-39-41 extraction started
2022-11-10 23:39:41,218 - MainThread:140470896834368 - INFO - bran_main:bran_collector - chrome query SELECT urls.id id, urls.url url, urls.title title, urls.visit_count visit_count, 
                        urls.typed_count typed_count, urls.last_visit_time last_visit_time, urls.hidden hidden, 
                        visits.visit_time visit_time, visits.from_visit from_visit, visits.visit_duration visit_duration, 
                        visits.transition transition, visit_source.source source FROM urls JOIN visits ON 
                        urls.id = visits.url LEFT JOIN visit_source ON visits.id = visit_source.id executed
2022-11-10 23:39:41,428 - MainThread:140470896834368 - INFO - bran_main:mongo_loader - load browser data started
2022-11-10 23:39:46,537 - MainThread:140470896834368 - INFO - bran_main:mongo_loader - data loaded to db
2022-11-10 23:40:32,873 - MainThread:139741408192320 - INFO - bran_main:mongo_loader - db env loaded
2022-11-10 23:40:32,874 - MainThread:139741408192320 - INFO - bran_main:bran_collector - bran env loaded
2022-11-10 23:40:32,877 - MainThread:139741408192320 - INFO - bran_main:bran_collector - file History2022-11-10_23-40-32 extraction started
2022-11-10 23:40:32,877 - MainThread:139741408192320 - INFO - bran_main:bran_collector - chrome query SELECT urls.id id, urls.url url, urls.title title, urls.visit_count visit_count, 
                        urls.typed_count typed_count, urls.last_visit_time last_visit_time, urls.hidden hidden, 
                        visits.visit_time visit_time, visits.from_visit from_visit, visits.visit_duration visit_duration, 
                        visits.transition transition, visit_source.source source FROM urls JOIN visits ON 
                        urls.id = visits.url LEFT JOIN visit_source ON visits.id = visit_source.id executed
2022-11-10 23:40:33,081 - MainThread:139741408192320 - INFO - bran_main:mongo_loader - load browser data started
2022-11-10 23:40:41,987 - MainThread:139741408192320 - INFO - bran_main:mongo_loader - data loaded to db
2022-11-10 23:41:20,744 - MainThread:140522444191552 - INFO - bran_main:mongo_loader - db env loaded
2022-11-10 23:41:20,745 - MainThread:140522444191552 - INFO - bran_main:bran_collector - bran env loaded
2022-11-10 23:41:20,748 - MainThread:140522444191552 - INFO - bran_main:bran_collector - file History2022-11-10_23-41-20 extraction started
2022-11-10 23:41:20,748 - MainThread:140522444191552 - INFO - bran_main:bran_collector - chrome query SELECT urls.id id, urls.url url, urls.title title, urls.visit_count visit_count, 
                        urls.typed_count typed_count, urls.last_visit_time last_visit_time, urls.hidden hidden, 
                        visits.visit_time visit_time, visits.from_visit from_visit, visits.visit_duration visit_duration, 
                        visits.transition transition, visit_source.source source FROM urls JOIN visits ON 
                        urls.id = visits.url LEFT JOIN visit_source ON visits.id = visit_source.id executed
2022-11-10 23:41:20,956 - MainThread:140522444191552 - INFO - bran_main:mongo_loader - load browser data started
2022-11-10 23:41:28,249 - MainThread:140522444191552 - INFO - bran_main:mongo_loader - data loaded to db
2022-11-10 23:51:34,402 - MainThread:139793854682944 - INFO - bran_main:mongo_loader - db env loaded
2022-11-10 23:51:34,402 - MainThread:139793854682944 - INFO - bran_main:bran_collector - bran env loaded
2022-11-10 23:51:34,431 - MainThread:139793854682944 - INFO - bran_main:bran_collector - file History2022-11-10_23-51-34 extraction started
2022-11-10 23:51:34,432 - MainThread:139793854682944 - INFO - bran_main:bran_collector - chrome query SELECT urls.id id, urls.url url, urls.title title, urls.visit_count visit_count, 
                        urls.typed_count typed_count, urls.last_visit_time last_visit_time, urls.hidden hidden, 
                        visits.visit_time visit_time, visits.from_visit from_visit, visits.visit_duration visit_duration, 
                        visits.transition transition, visit_source.source source FROM urls JOIN visits ON 
                        urls.id = visits.url LEFT JOIN visit_source ON visits.id = visit_source.id executed
2022-11-10 23:51:34,446 - MainThread:139793854682944 - INFO - bran_main:mongo_loader - load browser data started
2022-11-10 23:51:36,979 - MainThread:139793854682944 - INFO - bran_main:mongo_loader - data loaded to db
